{
  "uid" : "c306e5d3b9651f0d",
  "name" : "test_multiple_input_fields_sum_strings",
  "fullName" : "tests.test_input_field#test_multiple_input_fields_sum_strings",
  "historyId" : "0acdee63ea24569d509ea3f8122e2c18",
  "time" : {
    "start" : 1632983964077,
    "stop" : 1632983964329,
    "duration" : 252
  },
  "status" : "failed",
  "statusMessage" : "AssertionError: assert 'Time Stamp' == 'NaN'\n  - NaN\n  + Time Stamp",
  "statusTrace" : "setup = None\n\n    def test_multiple_input_fields_sum_strings(setup):\n        tlog.logger.info(PrintElements.separator_line)\n        tlog.logger.info('Test 12: {}'.format(sys._getframe().f_code.co_name))\n        tlog.logger.info(PrintElements.separator_line)\n        set_val1 = 'Time'\n        set_val2 = ' Stamp'\n        ans_val = 'Time Stamp'\n        elem_sum_txt1.clear_text()\n        elem_sum_txt2.clear_text()\n        elem_sum_txt1.set_value(str(set_val1))\n        tlog.logger.info('Value in first field: {}'.format(str(set_val1)))\n        elem_sum_txt2.set_value(str(set_val2))\n        tlog.logger.info('Value in second field: {}'.format(str(set_val2)))\n        elem_sum_btn.click()\n        get_val = elem_sum_lbl.get_value()\n        tlog.logger.info('Expected sum: {}'.format(str(ans_val)))\n        tlog.logger.info('Obtained sum: {}'.format(get_val))\n        tlog.logger.info(PrintElements.separator_line)\n        if ans_val == get_val:\n            tlog.logger.info('Result: {}'.format('PASS'))\n        else:\n            tlog.logger.fatal('Result: {}'.format('FAIL'))\n        tlog.logger.info(PrintElements.separator_line+PrintElements.blank_line)\n>       assert ans_val == get_val\nE       AssertionError: assert 'Time Stamp' == 'NaN'\nE         - NaN\nE         + Time Stamp\n\ntests\\test_input_field.py:346: AssertionError",
  "flaky" : false,
  "newFailed" : false,
  "beforeStages" : [ {
    "name" : "setup",
    "time" : {
      "start" : 1632983948887,
      "stop" : 1632983954549,
      "duration" : 5662
    },
    "status" : "passed",
    "steps" : [ ],
    "attachments" : [ ],
    "parameters" : [ ],
    "hasContent" : false,
    "stepsCount" : 0,
    "shouldDisplayMessage" : false,
    "attachmentsCount" : 0
  } ],
  "testStage" : {
    "status" : "failed",
    "statusMessage" : "AssertionError: assert 'Time Stamp' == 'NaN'\n  - NaN\n  + Time Stamp",
    "statusTrace" : "setup = None\n\n    def test_multiple_input_fields_sum_strings(setup):\n        tlog.logger.info(PrintElements.separator_line)\n        tlog.logger.info('Test 12: {}'.format(sys._getframe().f_code.co_name))\n        tlog.logger.info(PrintElements.separator_line)\n        set_val1 = 'Time'\n        set_val2 = ' Stamp'\n        ans_val = 'Time Stamp'\n        elem_sum_txt1.clear_text()\n        elem_sum_txt2.clear_text()\n        elem_sum_txt1.set_value(str(set_val1))\n        tlog.logger.info('Value in first field: {}'.format(str(set_val1)))\n        elem_sum_txt2.set_value(str(set_val2))\n        tlog.logger.info('Value in second field: {}'.format(str(set_val2)))\n        elem_sum_btn.click()\n        get_val = elem_sum_lbl.get_value()\n        tlog.logger.info('Expected sum: {}'.format(str(ans_val)))\n        tlog.logger.info('Obtained sum: {}'.format(get_val))\n        tlog.logger.info(PrintElements.separator_line)\n        if ans_val == get_val:\n            tlog.logger.info('Result: {}'.format('PASS'))\n        else:\n            tlog.logger.fatal('Result: {}'.format('FAIL'))\n        tlog.logger.info(PrintElements.separator_line+PrintElements.blank_line)\n>       assert ans_val == get_val\nE       AssertionError: assert 'Time Stamp' == 'NaN'\nE         - NaN\nE         + Time Stamp\n\ntests\\test_input_field.py:346: AssertionError",
    "steps" : [ ],
    "attachments" : [ {
      "uid" : "173da1fbc86598b9",
      "name" : "log",
      "source" : "173da1fbc86598b9.txt",
      "type" : "text/plain",
      "size" : 1069
    } ],
    "parameters" : [ ],
    "hasContent" : true,
    "stepsCount" : 0,
    "shouldDisplayMessage" : true,
    "attachmentsCount" : 1
  },
  "afterStages" : [ {
    "name" : "setup::0",
    "time" : {
      "start" : 1632983964351,
      "stop" : 1632983964456,
      "duration" : 105
    },
    "status" : "passed",
    "steps" : [ ],
    "attachments" : [ ],
    "parameters" : [ ],
    "hasContent" : false,
    "stepsCount" : 0,
    "shouldDisplayMessage" : false,
    "attachmentsCount" : 0
  } ],
  "labels" : [ {
    "name" : "parentSuite",
    "value" : "tests"
  }, {
    "name" : "suite",
    "value" : "test_input_field"
  }, {
    "name" : "host",
    "value" : "DESKTOP-C1UHKMR"
  }, {
    "name" : "thread",
    "value" : "8364-MainThread"
  }, {
    "name" : "framework",
    "value" : "pytest"
  }, {
    "name" : "language",
    "value" : "cpython3"
  }, {
    "name" : "package",
    "value" : "tests.test_input_field"
  }, {
    "name" : "resultFormat",
    "value" : "allure2"
  } ],
  "parameters" : [ ],
  "links" : [ ],
  "hidden" : true,
  "retry" : true,
  "extra" : {
    "categories" : [ ],
    "tags" : [ ]
  },
  "source" : "c306e5d3b9651f0d.json",
  "parameterValues" : [ ]
}